#
# There is insufficient memory for the Java Runtime Environment to continue.
# Native memory allocation (mmap) failed to map 40894464 bytes for Failed to commit area from 0x000000008ac00000 to 0x000000008d300000 of length 40894464.
# Possible reasons:
#   The system is out of physical RAM or swap space
#   The process is running with CompressedOops enabled, and the Java Heap may be blocking the growth of the native heap
# Possible solutions:
#   Reduce memory load on the system
#   Increase physical memory or swap space
#   Check if swap backing store is full
#   Decrease Java heap size (-Xmx/-Xms)
#   Decrease number of Java threads
#   Decrease Java thread stack sizes (-Xss)
#   Set larger code cache with -XX:ReservedCodeCacheSize=
#   JVM is running with Unscaled Compressed Oops mode in which the Java heap is
#     placed in the first 4GB address space. The Java Heap base address is the
#     maximum limit for the native heap growth. Please use -XX:HeapBaseMinAddress
#     to set the Java Heap base and to place the Java Heap above 4GB virtual address.
# This output file may be truncated or incomplete.
#
#  Out of Memory Error (./src/hotspot/os/windows/os_windows.cpp:3301), pid=3240, tid=19384
#
# JRE version: OpenJDK Runtime Environment (11.0.11+9) (build 11.0.11+9-b60-7590822)
# Java VM: OpenJDK 64-Bit Server VM (11.0.11+9-b60-7590822, mixed mode, tiered, compressed oops, g1 gc, windows-amd64)
# No core dump will be written. Minidumps are not enabled by default on client versions of Windows
#

---------------  S U M M A R Y ------------

Command Line: --add-opens=java.base/java.util=ALL-UNNAMED --add-opens=java.base/java.lang=ALL-UNNAMED --add-opens=java.base/java.lang.invoke=ALL-UNNAMED --add-opens=java.base/java.util=ALL-UNNAMED --add-opens=java.prefs/java.util.prefs=ALL-UNNAMED --add-opens=java.prefs/java.util.prefs=ALL-UNNAMED --add-opens=java.base/java.nio.charset=ALL-UNNAMED --add-opens=java.base/java.net=ALL-UNNAMED --add-opens=java.base/java.util.concurrent.atomic=ALL-UNNAMED -Xmx2048m -Dfile.encoding=UTF-8 -Duser.country=ID -Duser.language=en -Duser.variant org.gradle.launcher.daemon.bootstrap.GradleDaemon 7.2

Host: AMD Ryzen 3 3250U with Radeon Graphics         , 4 cores, 3G,  Windows 10 , 64 bit Build 19041 (10.0.19041.1645)
Time: Wed May 25 15:35:53 2022 SE Asia Standard Time elapsed time: 126.673010 seconds (0d 0h 2m 6s)

---------------  T H R E A D  ---------------

Current thread (0x0000019a6ad52800):  VMThread "VM Thread" [stack: 0x0000004e35500000,0x0000004e35600000] [id=19384]

Stack: [0x0000004e35500000,0x0000004e35600000]
[error occurred during error reporting (printing stack bounds), id 0xc0000005, EXCEPTION_ACCESS_VIOLATION (0xc0000005) at pc=0x0000019a53d40f2d]

Native frames: (J=compiled Java code, j=interpreted, Vv=VM code, C=native code)
V  [jvm.dll+0x5f214a]
V  [jvm.dll+0x726fb5]
V  [jvm.dll+0x7285cd]
V  [jvm.dll+0x728be5]
V  [jvm.dll+0x728b9b]
V  [jvm.dll+0x5f14e8]
V  [jvm.dll+0x5f1c78]
C  [ntdll.dll+0xa20cf]
C  [ntdll.dll+0x51454]
C  [ntdll.dll+0xa0bfe]
C  0x0000019a53d40f2d

VM_Operation (0x0000004e369faa60): G1CollectForAllocation, mode: safepoint, requested by thread 0x0000019a6b4b1000


---------------  P R O C E S S  ---------------

Threads class SMR info:
_java_thread_list=0x0000019a73a7d1f0, length=78, elements={
0x0000019a4ea2d000, 0x0000019a6ad57000, 0x0000019a6ad58000, 0x0000019a6adb4000,
0x0000019a6adb5800, 0x0000019a6adb7800, 0x0000019a6adbb800, 0x0000019a6af00800,
0x0000019a6af35800, 0x0000019a6b020000, 0x0000019a6c526800, 0x0000019a6be4b800,
0x0000019a6c275800, 0x0000019a6b1be000, 0x0000019a6b884000, 0x0000019a6bdd3000,
0x0000019a6b4b1000, 0x0000019a6bbb5000, 0x0000019a6bb8f000, 0x0000019a6bb8f800,
0x0000019a6bb92000, 0x0000019a6bb91800, 0x0000019a6bb93000, 0x0000019a6bb94000,
0x0000019a6bb8e000, 0x0000019a6bb94800, 0x0000019a6bd38000, 0x0000019a6bd38800,
0x0000019a6bd39800, 0x0000019a6bd37000, 0x0000019a6bd3a800, 0x0000019a6bd36000,
0x0000019a6bd34800, 0x0000019a6bd35800, 0x0000019a6bd40000, 0x0000019a6bd41800,
0x0000019a6bd3d800, 0x0000019a6bd3f000, 0x0000019a6bd3e800, 0x0000019a6bd3c000,
0x0000019a6bd43800, 0x0000019a6bd42800, 0x0000019a6bd41000, 0x0000019a6bb90800,
0x0000019a6e230800, 0x0000019a6e22e000, 0x0000019a6e22d000, 0x0000019a6e22f000,
0x0000019a6e231800, 0x0000019a6e233800, 0x0000019a6e232000, 0x0000019a6e233000,
0x0000019a6e22f800, 0x0000019a6e6b0000, 0x0000019a6e6b2800, 0x0000019a6e6af000,
0x0000019a6e6b0800, 0x0000019a6e6b1800, 0x0000019a6e6b3000, 0x0000019a6e6b4000,
0x0000019a6e6ae000, 0x0000019a6e6b7000, 0x0000019a6e6b4800, 0x0000019a6e6b8000,
0x0000019a6e6b9000, 0x0000019a6e6b9800, 0x0000019a6e6b5800, 0x0000019a6e6ba800,
0x0000019a6e6b6800, 0x0000019a6e6bb000, 0x0000019a6e6bc000, 0x0000019a6e6bd000,
0x0000019a6f826000, 0x0000019a6f825000, 0x0000019a6f827000, 0x0000019a6f824800,
0x0000019a6f822000, 0x0000019a6f821000
}

Java Threads: ( => current thread )
  0x0000019a4ea2d000 JavaThread "main" [_thread_blocked, id=13080, stack(0x0000004e34f00000,0x0000004e35000000)]
  0x0000019a6ad57000 JavaThread "Reference Handler" daemon [_thread_blocked, id=10428, stack(0x0000004e35600000,0x0000004e35700000)]
  0x0000019a6ad58000 JavaThread "Finalizer" daemon [_thread_blocked, id=19716, stack(0x0000004e35700000,0x0000004e35800000)]
  0x0000019a6adb4000 JavaThread "Signal Dispatcher" daemon [_thread_blocked, id=19984, stack(0x0000004e35800000,0x0000004e35900000)]
  0x0000019a6adb5800 JavaThread "Attach Listener" daemon [_thread_blocked, id=19968, stack(0x0000004e35900000,0x0000004e35a00000)]
  0x0000019a6adb7800 JavaThread "Service Thread" daemon [_thread_blocked, id=9884, stack(0x0000004e35a00000,0x0000004e35b00000)]
  0x0000019a6adbb800 JavaThread "C2 CompilerThread0" daemon [_thread_blocked, id=19000, stack(0x0000004e35b00000,0x0000004e35c00000)]
  0x0000019a6af00800 JavaThread "C1 CompilerThread0" daemon [_thread_blocked, id=14468, stack(0x0000004e35c00000,0x0000004e35d00000)]
  0x0000019a6af35800 JavaThread "Sweeper thread" daemon [_thread_blocked, id=12248, stack(0x0000004e35d00000,0x0000004e35e00000)]
  0x0000019a6b020000 JavaThread "Common-Cleaner" daemon [_thread_blocked, id=2032, stack(0x0000004e35e00000,0x0000004e35f00000)]
  0x0000019a6c526800 JavaThread "Daemon health stats" [_thread_blocked, id=19852, stack(0x0000004e36100000,0x0000004e36200000)]
  0x0000019a6be4b800 JavaThread "Incoming local TCP Connector on port 50088" [_thread_in_native, id=14712, stack(0x0000004e36200000,0x0000004e36300000)]
  0x0000019a6c275800 JavaThread "Daemon periodic checks" [_thread_blocked, id=15668, stack(0x0000004e36300000,0x0000004e36400000)]
  0x0000019a6b1be000 JavaThread "Daemon" [_thread_blocked, id=18640, stack(0x0000004e36400000,0x0000004e36500000)]
  0x0000019a6b884000 JavaThread "Handler for socket connection from /127.0.0.1:50088 to /127.0.0.1:50089" [_thread_in_native, id=15672, stack(0x0000004e36500000,0x0000004e36600000)]
  0x0000019a6bdd3000 JavaThread "Cancel handler" [_thread_blocked, id=9684, stack(0x0000004e36800000,0x0000004e36900000)]
  0x0000019a6b4b1000 JavaThread "Daemon worker" [_thread_blocked, id=12064, stack(0x0000004e36900000,0x0000004e36a00000)]
  0x0000019a6bbb5000 JavaThread "Asynchronous log dispatcher for DefaultDaemonConnection: socket connection from /127.0.0.1:50088 to /127.0.0.1:50089" [_thread_blocked, id=14924, stack(0x0000004e36a00000,0x0000004e36b00000)]
  0x0000019a6bb8f000 JavaThread "Daemon client event forwarder" [_thread_blocked, id=14876, stack(0x0000004e36c00000,0x0000004e36d00000)]
  0x0000019a6bb8f800 JavaThread "Cache worker for journal cache (C:\Users\Lenovo\.gradle\caches\journal-1)" [_thread_blocked, id=9788, stack(0x0000004e36d00000,0x0000004e36e00000)]
  0x0000019a6bb92000 JavaThread "File lock request listener" [_thread_in_native, id=10672, stack(0x0000004e36e00000,0x0000004e36f00000)]
  0x0000019a6bb91800 JavaThread "Cache worker for file hash cache (C:\Users\Lenovo\.gradle\caches\7.2\fileHashes)" [_thread_blocked, id=16812, stack(0x0000004e36f00000,0x0000004e37000000)]
  0x0000019a6bb93000 JavaThread "Cache worker for file hash cache (D:\TUGAS ANDROID\DatabaseRoomku\.gradle\7.2\fileHashes)" [_thread_blocked, id=15344, stack(0x0000004e37000000,0x0000004e37100000)]
  0x0000019a6bb94000 JavaThread "File watcher server" daemon [_thread_in_native, id=19620, stack(0x0000004e37100000,0x0000004e37200000)]
  0x0000019a6bb8e000 JavaThread "File watcher consumer" daemon [_thread_blocked, id=20368, stack(0x0000004e37200000,0x0000004e37300000)]
  0x0000019a6bb94800 JavaThread "jar transforms" [_thread_blocked, id=18972, stack(0x0000004e37300000,0x0000004e37400000)]
  0x0000019a6bd38000 JavaThread "jar transforms Thread 2" [_thread_blocked, id=18864, stack(0x0000004e37400000,0x0000004e37500000)]
  0x0000019a6bd38800 JavaThread "jar transforms Thread 3" [_thread_blocked, id=20348, stack(0x0000004e37500000,0x0000004e37600000)]
  0x0000019a6bd39800 JavaThread "jar transforms Thread 4" [_thread_blocked, id=14760, stack(0x0000004e37600000,0x0000004e37700000)]
  0x0000019a6bd37000 JavaThread "Cache worker for checksums cache (D:\TUGAS ANDROID\DatabaseRoomku\.gradle\checksums)" [_thread_blocked, id=20380, stack(0x0000004e37900000,0x0000004e37a00000)]
  0x0000019a6bd3a800 JavaThread "Cache worker for cache directory md-supplier (C:\Users\Lenovo\.gradle\caches\7.2\md-supplier)" [_thread_blocked, id=6416, stack(0x0000004e37a00000,0x0000004e37b00000)]
  0x0000019a6bd36000 JavaThread "Cache worker for cache directory md-rule (C:\Users\Lenovo\.gradle\caches\7.2\md-rule)" [_thread_blocked, id=7140, stack(0x0000004e34c00000,0x0000004e34d00000)]
  0x0000019a6bd34800 JavaThread "Cache worker for execution history cache (C:\Users\Lenovo\.gradle\caches\7.2\executionHistory)" [_thread_blocked, id=18816, stack(0x0000004e34d00000,0x0000004e34e00000)]
  0x0000019a6bd35800 JavaThread "Cache worker for file content cache (C:\Users\Lenovo\.gradle\caches\7.2\fileContent)" [_thread_blocked, id=19804, stack(0x0000004e34e00000,0x0000004e34f00000)]
  0x0000019a6bd40000 JavaThread "Cache worker for dependencies-accessors (D:\TUGAS ANDROID\DatabaseRoomku\.gradle\7.2\dependencies-accessors)" [_thread_blocked, id=4884, stack(0x0000004e36b00000,0x0000004e36c00000)]
  0x0000019a6bd41800 JavaThread "Cache worker for Build Output Cleanup Cache (D:\TUGAS ANDROID\DatabaseRoomku\.gradle\buildOutputCleanup)" [_thread_blocked, id=17588, stack(0x0000004e37b00000,0x0000004e37c00000)]
  0x0000019a6bd3d800 JavaThread "Unconstrained build operations" [_thread_blocked, id=4560, stack(0x0000004e37c00000,0x0000004e37d00000)]
  0x0000019a6bd3f000 JavaThread "Unconstrained build operations Thread 2" [_thread_blocked, id=2024, stack(0x0000004e37d00000,0x0000004e37e00000)]
  0x0000019a6bd3e800 JavaThread "Unconstrained build operations Thread 3" [_thread_blocked, id=5828, stack(0x0000004e37e00000,0x0000004e37f00000)]
  0x0000019a6bd3c000 JavaThread "Unconstrained build operations Thread 4" [_thread_blocked, id=12000, stack(0x0000004e37f00000,0x0000004e38000000)]
  0x0000019a6bd43800 JavaThread "Unconstrained build operations Thread 5" [_thread_blocked, id=4008, stack(0x0000004e38000000,0x0000004e38100000)]
  0x0000019a6bd42800 JavaThread "Unconstrained build operations Thread 6" [_thread_blocked, id=12852, stack(0x0000004e38100000,0x0000004e38200000)]
  0x0000019a6bd41000 JavaThread "Unconstrained build operations Thread 7" [_thread_blocked, id=17972, stack(0x0000004e38200000,0x0000004e38300000)]
  0x0000019a6bb90800 JavaThread "Unconstrained build operations Thread 8" [_thread_blocked, id=13232, stack(0x0000004e38300000,0x0000004e38400000)]
  0x0000019a6e230800 JavaThread "Unconstrained build operations Thread 9" [_thread_blocked, id=5520, stack(0x0000004e38400000,0x0000004e38500000)]
  0x0000019a6e22e000 JavaThread "Unconstrained build operations Thread 10" [_thread_blocked, id=2840, stack(0x0000004e38500000,0x0000004e38600000)]
  0x0000019a6e22d000 JavaThread "Unconstrained build operations Thread 11" [_thread_blocked, id=12676, stack(0x0000004e38600000,0x0000004e38700000)]
  0x0000019a6e22f000 JavaThread "Unconstrained build operations Thread 12" [_thread_blocked, id=9968, stack(0x0000004e38700000,0x0000004e38800000)]
  0x0000019a6e231800 JavaThread "Unconstrained build operations Thread 13" [_thread_blocked, id=20032, stack(0x0000004e38800000,0x0000004e38900000)]
  0x0000019a6e233800 JavaThread "Unconstrained build operations Thread 14" [_thread_blocked, id=19792, stack(0x0000004e38900000,0x0000004e38a00000)]
  0x0000019a6e232000 JavaThread "Unconstrained build operations Thread 15" [_thread_blocked, id=6060, stack(0x0000004e38a00000,0x0000004e38b00000)]
  0x0000019a6e233000 JavaThread "Unconstrained build operations Thread 16" [_thread_blocked, id=16036, stack(0x0000004e38b00000,0x0000004e38c00000)]
  0x0000019a6e22f800 JavaThread "Unconstrained build operations Thread 17" [_thread_blocked, id=8284, stack(0x0000004e38c00000,0x0000004e38d00000)]
  0x0000019a6e6b0000 JavaThread "Unconstrained build operations Thread 18" [_thread_blocked, id=8348, stack(0x0000004e38d00000,0x0000004e38e00000)]
  0x0000019a6e6b2800 JavaThread "Unconstrained build operations Thread 19" [_thread_blocked, id=15560, stack(0x0000004e38e00000,0x0000004e38f00000)]
  0x0000019a6e6af000 JavaThread "Unconstrained build operations Thread 20" [_thread_blocked, id=14860, stack(0x0000004e38f00000,0x0000004e39000000)]
  0x0000019a6e6b0800 JavaThread "Unconstrained build operations Thread 21" [_thread_blocked, id=12496, stack(0x0000004e39000000,0x0000004e39100000)]
  0x0000019a6e6b1800 JavaThread "Unconstrained build operations Thread 22" [_thread_blocked, id=11096, stack(0x0000004e39100000,0x0000004e39200000)]
  0x0000019a6e6b3000 JavaThread "Unconstrained build operations Thread 23" [_thread_blocked, id=16860, stack(0x0000004e39200000,0x0000004e39300000)]
  0x0000019a6e6b4000 JavaThread "Unconstrained build operations Thread 24" [_thread_blocked, id=2140, stack(0x0000004e39300000,0x0000004e39400000)]
  0x0000019a6e6ae000 JavaThread "Unconstrained build operations Thread 25" [_thread_blocked, id=1380, stack(0x0000004e39400000,0x0000004e39500000)]
  0x0000019a6e6b7000 JavaThread "Unconstrained build operations Thread 26" [_thread_blocked, id=11360, stack(0x0000004e39500000,0x0000004e39600000)]
  0x0000019a6e6b4800 JavaThread "Unconstrained build operations Thread 27" [_thread_blocked, id=14736, stack(0x0000004e39600000,0x0000004e39700000)]
  0x0000019a6e6b8000 JavaThread "Unconstrained build operations Thread 28" [_thread_blocked, id=6020, stack(0x0000004e39700000,0x0000004e39800000)]
  0x0000019a6e6b9000 JavaThread "Unconstrained build operations Thread 29" [_thread_blocked, id=2856, stack(0x0000004e39800000,0x0000004e39900000)]
  0x0000019a6e6b9800 JavaThread "Unconstrained build operations Thread 30" [_thread_blocked, id=18656, stack(0x0000004e39900000,0x0000004e39a00000)]
  0x0000019a6e6b5800 JavaThread "Unconstrained build operations Thread 31" [_thread_blocked, id=2936, stack(0x0000004e39a00000,0x0000004e39b00000)]
  0x0000019a6e6ba800 JavaThread "Unconstrained build operations Thread 32" [_thread_blocked, id=16884, stack(0x0000004e39b00000,0x0000004e39c00000)]
  0x0000019a6e6b6800 JavaThread "Unconstrained build operations Thread 33" [_thread_blocked, id=11692, stack(0x0000004e39c00000,0x0000004e39d00000)]
  0x0000019a6e6bb000 JavaThread "Unconstrained build operations Thread 34" [_thread_blocked, id=864, stack(0x0000004e39d00000,0x0000004e39e00000)]
  0x0000019a6e6bc000 JavaThread "Unconstrained build operations Thread 35" [_thread_blocked, id=14204, stack(0x0000004e39e00000,0x0000004e39f00000)]
  0x0000019a6e6bd000 JavaThread "Unconstrained build operations Thread 36" [_thread_blocked, id=14152, stack(0x0000004e39f00000,0x0000004e3a000000)]
  0x0000019a6f826000 JavaThread "Unconstrained build operations Thread 37" [_thread_blocked, id=7432, stack(0x0000004e3a000000,0x0000004e3a100000)]
  0x0000019a6f825000 JavaThread "Unconstrained build operations Thread 38" [_thread_blocked, id=12576, stack(0x0000004e3a100000,0x0000004e3a200000)]
  0x0000019a6f827000 JavaThread "Unconstrained build operations Thread 39" [_thread_blocked, id=13664, stack(0x0000004e3a200000,0x0000004e3a300000)]
  0x0000019a6f824800 JavaThread "Unconstrained build operations Thread 40" [_thread_blocked, id=12388, stack(0x0000004e3a300000,0x0000004e3a400000)]
  0x0000019a6f822000 JavaThread "Memory manager" [_thread_blocked, id=20420, stack(0x0000004e3a400000,0x0000004e3a500000)]
  0x0000019a6f821000 JavaThread "pool-3-thread-1" [_thread_blocked, id=9408, stack(0x0000004e3a500000,0x0000004e3a600000)]

Other Threads:
=>0x0000019a6ad52800 VMThread "VM Thread" [stack: 0x0000004e35500000,0x0000004e35600000] [id=19384]
  0x0000019a6b02d800 WatcherThread [stack: 0x0000004e35f00000,0x0000004e36000000] [id=732]
  0x0000019a4ea46800 GCTaskThread "GC Thread#0" [stack: 0x0000004e35000000,0x0000004e35100000] [id=12608]
  0x0000019a6b124000 GCTaskThread "GC Thread#1" [stack: 0x0000004e36000000,0x0000004e36100000] [id=9792]
  0x0000019a6bc25800 GCTaskThread "GC Thread#2" [stack: 0x0000004e36600000,0x0000004e36700000] [id=4452]
  0x0000019a6bc26000 GCTaskThread "GC Thread#3" [stack: 0x0000004e36700000,0x0000004e36800000] [id=17716]
  0x0000019a4ea77000 ConcurrentGCThread "G1 Main Marker" [stack: 0x0000004e35100000,0x0000004e35200000] [id=10504]
  0x0000019a4ea78000 ConcurrentGCThread "G1 Conc#0" [stack: 0x0000004e35200000,0x0000004e35300000] [id=12492]
  0x0000019a4eabd800 ConcurrentGCThread "G1 Refine#0" [stack: 0x0000004e35300000,0x0000004e35400000] [id=17584]
  0x0000019a4eabe800 ConcurrentGCThread "G1 Young RemSet Sampling" [stack: 0x0000004e35400000,0x0000004e35500000] [id=14780]

Threads with active compile tasks:
C2 CompilerThread0 126716 9285       4       org.codehaus.groovy.runtime.metaclass.MetaMethodIndex::isMatchingMethod (61 bytes)

VM state:at safepoint (normal execution)

VM Mutex/Monitor currently owned by a thread:  ([mutex/lock_event])
[0x0000019a4ea288d0] Threads_lock - owner thread: 0x0000019a6ad52800
[0x0000019a4ea29650] Heap_lock - owner thread: 0x0000019a6b4b1000

Heap address: 0x0000000080000000, size: 2048 MB, Compressed Oops mode: 32-bit
Narrow klass base: 0x0000000000000000, Narrow klass shift: 3
Compressed class space size: 1073741824 Address: 0x0000000100000000

Heap:
 garbage-first heap   total 216064K, used 110741K [0x0000000080000000, 0x0000000100000000)
  region size 1024K, 7 young (7168K), 7 survivors (7168K)
 Metaspace       used 86020K, capacity 88182K, committed 88240K, reserved 1126400K
  class space    used 11001K, capacity 11752K, committed 11776K, reserved 1048576K
Heap Regions: E=young(eden), S=young(survivor), O=old, HS=humongous(starts), HC=humongous(continues), CS=collection set, F=free, A=archive, TAMS=top-at-mark-start (previous, next)
|   0|0x0000000080000000, 0x0000000080100000, 0x0000000080100000|100%| O|  |TAMS 0x0000000080100000, 0x0000000080000000| Untracked 
|   1|0x0000000080100000, 0x0000000080200000, 0x0000000080200000|100%| O|  |TAMS 0x0000000080200000, 0x0000000080100000| Untracked 
|   2|0x0000000080200000, 0x0000000080300000, 0x0000000080300000|100%| O|  |TAMS 0x0000000080300000, 0x0000000080200000| Untracked 
|   3|0x0000000080300000, 0x0000000080400000, 0x0000000080400000|100%|HS|  |TAMS 0x0000000080400000, 0x0000000080300000| Complete 
|   4|0x0000000080400000, 0x0000000080500000, 0x0000000080500000|100%|HC|  |TAMS 0x0000000080500000, 0x0000000080400000| Complete 
|   5|0x0000000080500000, 0x0000000080600000, 0x0000000080600000|100%|HC|  |TAMS 0x0000000080600000, 0x0000000080500000| Complete 
|   6|0x0000000080600000, 0x0000000080700000, 0x0000000080700000|100%| O|  |TAMS 0x0000000080700000, 0x0000000080600000| Untracked 
|   7|0x0000000080700000, 0x0000000080800000, 0x0000000080800000|100%| O|  |TAMS 0x0000000080800000, 0x0000000080700000| Untracked 
|   8|0x0000000080800000, 0x0000000080900000, 0x0000000080900000|100%| O|  |TAMS 0x0000000080900000, 0x0000000080800000| Untracked 
|   9|0x0000000080900000, 0x0000000080a00000, 0x0000000080a00000|100%| O|  |TAMS 0x0000000080a00000, 0x0000000080900000| Untracked 
|  10|0x0000000080a00000, 0x0000000080b00000, 0x0000000080b00000|100%| O|  |TAMS 0x0000000080b00000, 0x0000000080a00000| Untracked 
|  11|0x0000000080b00000, 0x0000000080c00000, 0x0000000080c00000|100%| O|  |TAMS 0x0000000080c00000, 0x0000000080b00000| Untracked 
|  12|0x0000000080c00000, 0x0000000080d00000, 0x0000000080d00000|100%| O|  |TAMS 0x0000000080d00000, 0x0000000080c00000| Untracked 
|  13|0x0000000080d00000, 0x0000000080e00000, 0x0000000080e00000|100%| O|  |TAMS 0x0000000080e00000, 0x0000000080d00000| Untracked 
|  14|0x0000000080e00000, 0x0000000080f00000, 0x0000000080f00000|100%| O|  |TAMS 0x0000000080f00000, 0x0000000080e00000| Untracked 
|  15|0x0000000080f00000, 0x0000000081000000, 0x0000000081000000|100%| O|  |TAMS 0x0000000081000000, 0x0000000080f00000| Untracked 
|  16|0x0000000081000000, 0x0000000081100000, 0x0000000081100000|100%| O|  |TAMS 0x0000000081100000, 0x0000000081000000| Untracked 
|  17|0x0000000081100000, 0x0000000081200000, 0x0000000081200000|100%|HS|  |TAMS 0x0000000081200000, 0x0000000081100000| Complete 
|  18|0x0000000081200000, 0x0000000081300000, 0x0000000081300000|100%|HC|  |TAMS 0x0000000081300000, 0x0000000081200000| Complete 
|  19|0x0000000081300000, 0x0000000081400000, 0x0000000081400000|100%|HS|  |TAMS 0x0000000081400000, 0x0000000081300000| Complete 
|  20|0x0000000081400000, 0x0000000081500000, 0x0000000081500000|100%|HC|  |TAMS 0x0000000081500000, 0x0000000081400000| Complete 
|  21|0x0000000081500000, 0x0000000081600000, 0x0000000081600000|100%|HC|  |TAMS 0x0000000081600000, 0x0000000081500000| Complete 
|  22|0x0000000081600000, 0x0000000081700000, 0x0000000081700000|100%|HS|  |TAMS 0x0000000081700000, 0x0000000081600000| Complete 
|  23|0x0000000081700000, 0x0000000081800000, 0x0000000081800000|100%|HC|  |TAMS 0x0000000081800000, 0x0000000081700000| Complete 
|  24|0x0000000081800000, 0x0000000081900000, 0x0000000081900000|100%|HC|  |TAMS 0x0000000081900000, 0x0000000081800000| Complete 
|  25|0x0000000081900000, 0x0000000081a00000, 0x0000000081a00000|100%|HC|  |TAMS 0x0000000081a00000, 0x0000000081900000| Complete 
|  26|0x0000000081a00000, 0x0000000081b00000, 0x0000000081b00000|100%| O|  |TAMS 0x0000000081b00000, 0x0000000081a00000| Untracked 
|  27|0x0000000081b00000, 0x0000000081c00000, 0x0000000081c00000|100%| O|  |TAMS 0x0000000081c00000, 0x0000000081b00000| Untracked 
|  28|0x0000000081c00000, 0x0000000081d00000, 0x0000000081d00000|100%| O|  |TAMS 0x0000000081d00000, 0x0000000081c00000| Untracked 
|  29|0x0000000081d00000, 0x0000000081e00000, 0x0000000081e00000|100%| O|  |TAMS 0x0000000081e00000, 0x0000000081d00000| Untracked 
|  30|0x0000000081e00000, 0x0000000081f00000, 0x0000000081f00000|100%| O|  |TAMS 0x0000000081f00000, 0x0000000081e00000| Untracked 
|  31|0x0000000081f00000, 0x0000000082000000, 0x0000000082000000|100%| O|  |TAMS 0x0000000082000000, 0x0000000081f00000| Untracked 
|  32|0x0000000082000000, 0x0000000082100000, 0x0000000082100000|100%| O|  |TAMS 0x0000000082100000, 0x0000000082000000| Untracked 
|  33|0x0000000082100000, 0x0000000082200000, 0x0000000082200000|100%| O|  |TAMS 0x0000000082200000, 0x0000000082100000| Untracked 
|  34|0x0000000082200000, 0x0000000082300000, 0x0000000082300000|100%| O|  |TAMS 0x0000000082300000, 0x0000000082200000| Untracked 
|  35|0x0000000082300000, 0x0000000082400000, 0x0000000082400000|100%| O|  |TAMS 0x0000000082400000, 0x0000000082300000| Untracked 
|  36|0x0000000082400000, 0x0000000082500000, 0x0000000082500000|100%| O|  |TAMS 0x0000000082500000, 0x0000000082400000| Untracked 
|  37|0x0000000082500000, 0x0000000082600000, 0x0000000082600000|100%| O|  |TAMS 0x0000000082600000, 0x0000000082500000| Untracked 
|  38|0x0000000082600000, 0x0000000082700000, 0x0000000082700000|100%| O|  |TAMS 0x0000000082700000, 0x0000000082600000| Untracked 
|  39|0x0000000082700000, 0x0000000082800000, 0x0000000082800000|100%|HS|  |TAMS 0x0000000082800000, 0x0000000082700000| Complete 
|  40|0x0000000082800000, 0x0000000082900000, 0x0000000082900000|100%|HC|  |TAMS 0x0000000082900000, 0x0000000082800000| Complete 
|  41|0x0000000082900000, 0x0000000082a00000, 0x0000000082a00000|100%|HC|  |TAMS 0x0000000082a00000, 0x0000000082900000| Complete 
|  42|0x0000000082a00000, 0x0000000082b00000, 0x0000000082b00000|100%| O|  |TAMS 0x0000000082b00000, 0x0000000082a00000| Untracked 
|  43|0x0000000082b00000, 0x0000000082c00000, 0x0000000082c00000|100%| O|  |TAMS 0x0000000082c00000, 0x0000000082b00000| Untracked 
|  44|0x0000000082c00000, 0x0000000082d00000, 0x0000000082d00000|100%| O|  |TAMS 0x0000000082d00000, 0x0000000082c00000| Untracked 
|  45|0x0000000082d00000, 0x0000000082e00000, 0x0000000082e00000|100%| O|  |TAMS 0x0000000082e00000, 0x0000000082d00000| Untracked 
|  46|0x0000000082e00000, 0x0000000082f00000, 0x0000000082f00000|100%| O|  |TAMS 0x0000000082f00000, 0x0000000082e00000| Untracked 
|  47|0x0000000082f00000, 0x0000000083000000, 0x0000000083000000|100%| O|  |TAMS 0x0000000083000000, 0x0000000082f00000| Untracked 
|  48|0x0000000083000000, 0x0000000083100000, 0x0000000083100000|100%| O|  |TAMS 0x0000000083100000, 0x0000000083000000| Untracked 
|  49|0x0000000083100000, 0x0000000083200000, 0x0000000083200000|100%| O|  |TAMS 0x0000000083200000, 0x0000000083100000| Untracked 
|  50|0x0000000083200000, 0x0000000083300000, 0x0000000083300000|100%|HS|  |TAMS 0x0000000083300000, 0x0000000083200000| Complete 
|  51|0x0000000083300000, 0x0000000083400000, 0x0000000083400000|100%|HC|  |TAMS 0x0000000083400000, 0x0000000083300000| Complete 
|  52|0x0000000083400000, 0x0000000083500000, 0x0000000083500000|100%|HC|  |TAMS 0x0000000083500000, 0x0000000083400000| Complete 
|  53|0x0000000083500000, 0x0000000083600000, 0x0000000083600000|100%|HC|  |TAMS 0x0000000083600000, 0x0000000083500000| Complete 
|  54|0x0000000083600000, 0x0000000083700000, 0x0000000083700000|100%| O|  |TAMS 0x0000000083700000, 0x0000000083600000| Untracked 
|  55|0x0000000083700000, 0x0000000083800000, 0x0000000083800000|100%| O|  |TAMS 0x0000000083800000, 0x0000000083700000| Untracked 
|  56|0x0000000083800000, 0x0000000083900000, 0x0000000083900000|100%| O|  |TAMS 0x0000000083900000, 0x0000000083800000| Untracked 
|  57|0x0000000083900000, 0x0000000083a00000, 0x0000000083a00000|100%|HS|  |TAMS 0x0000000083a00000, 0x0000000083900000| Complete 
|  58|0x0000000083a00000, 0x0000000083b00000, 0x0000000083b00000|100%|HS|  |TAMS 0x0000000083b00000, 0x0000000083a00000| Complete 
|  59|0x0000000083b00000, 0x0000000083c00000, 0x0000000083c00000|100%| O|  |TAMS 0x0000000083c00000, 0x0000000083b00000| Untracked 
|  60|0x0000000083c00000, 0x0000000083d00000, 0x0000000083d00000|100%|HS|  |TAMS 0x0000000083d00000, 0x0000000083c00000| Complete 
|  61|0x0000000083d00000, 0x0000000083e00000, 0x0000000083e00000|100%|HS|  |TAMS 0x0000000083e00000, 0x0000000083d00000| Complete 
|  62|0x0000000083e00000, 0x0000000083f00000, 0x0000000083f00000|100%|HS|  |TAMS 0x0000000083f00000, 0x0000000083e00000| Complete 
|  63|0x0000000083f00000, 0x0000000084000000, 0x0000000084000000|100%|HC|  |TAMS 0x0000000084000000, 0x0000000083f00000| Complete 
|  64|0x0000000084000000, 0x0000000084100000, 0x0000000084100000|100%|HC|  |TAMS 0x0000000084100000, 0x0000000084000000| Complete 
|  65|0x0000000084100000, 0x0000000084200000, 0x0000000084200000|100%| O|  |TAMS 0x0000000084200000, 0x0000000084100000| Untracked 
|  66|0x0000000084200000, 0x0000000084300000, 0x0000000084300000|100%| O|  |TAMS 0x0000000084300000, 0x0000000084200000| Untracked 
|  67|0x0000000084300000, 0x0000000084400000, 0x0000000084400000|100%| O|  |TAMS 0x0000000084400000, 0x0000000084300000| Untracked 
|  68|0x0000000084400000, 0x0000000084500000, 0x0000000084500000|100%| O|  |TAMS 0x0000000084500000, 0x0000000084400000| Untracked 
|  69|0x0000000084500000, 0x0000000084600000, 0x0000000084600000|100%|HS|  |TAMS 0x0000000084600000, 0x0000000084500000| Complete 
|  70|0x0000000084600000, 0x0000000084700000, 0x0000000084700000|100%|HC|  |TAMS 0x0000000084700000, 0x0000000084600000| Complete 
|  71|0x0000000084700000, 0x0000000084800000, 0x0000000084800000|100%| O|  |TAMS 0x0000000084800000, 0x0000000084700000| Untracked 
|  72|0x0000000084800000, 0x0000000084900000, 0x0000000084900000|100%| O|  |TAMS 0x0000000084900000, 0x0000000084800000| Untracked 
|  73|0x0000000084900000, 0x0000000084a00000, 0x0000000084a00000|100%| O|  |TAMS 0x0000000084a00000, 0x0000000084900000| Untracked 
|  74|0x0000000084a00000, 0x0000000084b00000, 0x0000000084b00000|100%| O|  |TAMS 0x0000000084b00000, 0x0000000084a00000| Untracked 
|  75|0x0000000084b00000, 0x0000000084c00000, 0x0000000084c00000|100%| O|  |TAMS 0x0000000084c00000, 0x0000000084b00000| Untracked 
|  76|0x0000000084c00000, 0x0000000084d00000, 0x0000000084d00000|100%| O|  |TAMS 0x0000000084d00000, 0x0000000084c00000| Untracked 
|  77|0x0000000084d00000, 0x0000000084e00000, 0x0000000084e00000|100%| O|  |TAMS 0x0000000084e00000, 0x0000000084d00000| Untracked 
|  78|0x0000000084e00000, 0x0000000084f00000, 0x0000000084f00000|100%| O|  |TAMS 0x0000000084f00000, 0x0000000084e00000| Untracked 
|  79|0x0000000084f00000, 0x0000000085000000, 0x0000000085000000|100%| O|  |TAMS 0x0000000085000000, 0x0000000084f00000| Untracked 
|  80|0x0000000085000000, 0x0000000085100000, 0x0000000085100000|100%| O|  |TAMS 0x0000000085100000, 0x0000000085000000| Untracked 
|  81|0x0000000085100000, 0x0000000085200000, 0x0000000085200000|100%| O|  |TAMS 0x0000000085200000, 0x0000000085100000| Untracked 
|  82|0x0000000085200000, 0x0000000085300000, 0x0000000085300000|100%| O|  |TAMS 0x0000000085300000, 0x0000000085200000| Untracked 
|  83|0x0000000085300000, 0x0000000085400000, 0x0000000085400000|100%| O|  |TAMS 0x0000000085400000, 0x0000000085300000| Untracked 
|  84|0x0000000085400000, 0x0000000085500000, 0x0000000085500000|100%| O|  |TAMS 0x0000000085500000, 0x0000000085400000| Untracked 
|  85|0x0000000085500000, 0x0000000085600000, 0x0000000085600000|100%| O|  |TAMS 0x0000000085600000, 0x0000000085500000| Untracked 
|  86|0x0000000085600000, 0x0000000085700000, 0x0000000085700000|100%| O|  |TAMS 0x0000000085700000, 0x0000000085600000| Untracked 
|  87|0x0000000085700000, 0x0000000085800000, 0x0000000085800000|100%|HS|  |TAMS 0x0000000085700000, 0x0000000085700000| Complete 
|  88|0x0000000085800000, 0x0000000085900000, 0x0000000085900000|100%|HC|  |TAMS 0x0000000085800000, 0x0000000085800000| Complete 
|  89|0x0000000085900000, 0x0000000085a00000, 0x0000000085a00000|100%|HS|  |TAMS 0x0000000085900000, 0x0000000085900000| Complete 
|  90|0x0000000085a00000, 0x0000000085b00000, 0x0000000085b00000|100%|HC|  |TAMS 0x0000000085a00000, 0x0000000085a00000| Complete 
|  91|0x0000000085b00000, 0x0000000085c00000, 0x0000000085c00000|100%|HC|  |TAMS 0x0000000085b00000, 0x0000000085b00000| Complete 
|  92|0x0000000085c00000, 0x0000000085d00000, 0x0000000085d00000|100%|HS|  |TAMS 0x0000000085c00000, 0x0000000085c00000| Complete 
|  93|0x0000000085d00000, 0x0000000085e00000, 0x0000000085e00000|100%|HC|  |TAMS 0x0000000085d00000, 0x0000000085d00000| Complete 
|  94|0x0000000085e00000, 0x0000000085f00000, 0x0000000085f00000|100%|HC|  |TAMS 0x0000000085e00000, 0x0000000085e00000| Complete 
|  95|0x0000000085f00000, 0x0000000086000000, 0x0000000086000000|100%|HC|  |TAMS 0x0000000085f00000, 0x0000000085f00000| Complete 
|  96|0x0000000086000000, 0x0000000086100000, 0x0000000086100000|100%| O|  |TAMS 0x0000000086000000, 0x0000000086000000| Untracked 
|  97|0x0000000086100000, 0x0000000086200000, 0x0000000086200000|100%| O|  |TAMS 0x0000000086100000, 0x0000000086100000| Untracked 
|  98|0x0000000086200000, 0x0000000086300000, 0x0000000086300000|100%| O|  |TAMS 0x0000000086200000, 0x0000000086200000| Untracked 
|  99|0x0000000086300000, 0x0000000086400000, 0x0000000086400000|100%| O|  |TAMS 0x0000000086300000, 0x0000000086300000| Untracked 
| 100|0x0000000086400000, 0x0000000086500000, 0x0000000086500000|100%| O|  |TAMS 0x0000000086400000, 0x0000000086400000| Untracked 
| 101|0x0000000086500000, 0x0000000086525400, 0x0000000086600000| 14%| O|  |TAMS 0x0000000086500000, 0x0000000086500000| Untracked 
| 102|0x0000000086600000, 0x0000000086600000, 0x0000000086700000|  0%| F|  |TAMS 0x0000000086600000, 0x0000000086600000| Untracked 
| 103|0x0000000086700000, 0x0000000086700000, 0x0000000086800000|  0%| F|  |TAMS 0x0000000086700000, 0x0000000086700000| Untracked 
| 104|0x0000000086800000, 0x0000000086800000, 0x0000000086900000|  0%| F|  |TAMS 0x0000000086800000, 0x0000000086800000| Untracked 
| 105|0x0000000086900000, 0x0000000086900000, 0x0000000086a00000|  0%| F|  |TAMS 0x0000000086900000, 0x0000000086900000| Untracked 
| 106|0x0000000086a00000, 0x0000000086a00000, 0x0000000086b00000|  0%| F|  |TAMS 0x0000000086a00000, 0x0000000086a00000| Untracked 
| 107|0x0000000086b00000, 0x0000000086b00000, 0x0000000086c00000|  0%| F|  |TAMS 0x0000000086b00000, 0x0000000086b00000| Untracked 
| 108|0x0000000086c00000, 0x0000000086c00000, 0x0000000086d00000|  0%| F|  |TAMS 0x0000000086c00000, 0x0000000086c00000| Untracked 
| 109|0x0000000086d00000, 0x0000000086d00000, 0x0000000086e00000|  0%| F|  |TAMS 0x0000000086d00000, 0x0000000086d00000| Untracked 
| 110|0x0000000086e00000, 0x0000000086e00000, 0x0000000086f00000|  0%| F|  |TAMS 0x0000000086e00000, 0x0000000086e00000| Untracked 
| 111|0x0000000086f00000, 0x0000000086f00000, 0x0000000087000000|  0%| F|  |TAMS 0x0000000086f00000, 0x0000000086f00000| Untracked 
| 112|0x0000000087000000, 0x0000000087000000, 0x0000000087100000|  0%| F|  |TAMS 0x0000000087000000, 0x0000000087000000| Untracked 
| 113|0x0000000087100000, 0x0000000087100000, 0x0000000087200000|  0%| F|  |TAMS 0x0000000087100000, 0x0000000087100000| Untracked 
| 114|0x0000000087200000, 0x0000000087200000, 0x0000000087300000|  0%| F|  |TAMS 0x0000000087200000, 0x0000000087200000| Untracked 
| 115|0x0000000087300000, 0x0000000087400000, 0x0000000087400000|100%| S|CS|TAMS 0x0000000087300000, 0x0000000087300000| Complete 
| 116|0x0000000087400000, 0x0000000087500000, 0x0000000087500000|100%| S|CS|TAMS 0x0000000087400000, 0x0000000087400000| Complete 
| 117|0x0000000087500000, 0x0000000087600000, 0x0000000087600000|100%| S|CS|TAMS 0x0000000087500000, 0x0000000087500000| Complete 
| 118|0x0000000087600000, 0x0000000087700000, 0x0000000087700000|100%| S|CS|TAMS 0x0000000087600000, 0x0000000087600000| Complete 
| 119|0x0000000087700000, 0x0000000087800000, 0x0000000087800000|100%| S|CS|TAMS 0x0000000087700000, 0x0000000087700000| Complete 
| 120|0x0000000087800000, 0x0000000087900000, 0x0000000087900000|100%| S|CS|TAMS 0x0000000087800000, 0x0000000087800000| Complete 
| 121|0x0000000087900000, 0x0000000087a00000, 0x0000000087a00000|100%| S|CS|TAMS 0x0000000087900000, 0x0000000087900000| Complete 
| 122|0x0000000087a00000, 0x0000000087a00000, 0x0000000087b00000|  0%| F|  |TAMS 0x0000000087a00000, 0x0000000087a00000| Untracked 
| 123|0x0000000087b00000, 0x0000000087b00000, 0x0000000087c00000|  0%| F|  |TAMS 0x0000000087b00000, 0x0000000087b00000| Untracked 
| 124|0x0000000087c00000, 0x0000000087c00000, 0x0000000087d00000|  0%| F|  |TAMS 0x0000000087c00000, 0x0000000087c00000| Untracked 
| 125|0x0000000087d00000, 0x0000000087d00000, 0x0000000087e00000|  0%| F|  |TAMS 0x0000000087d00000, 0x0000000087d00000| Untracked 
| 126|0x0000000087e00000, 0x0000000087e00000, 0x0000000087f00000|  0%| F|  |TAMS 0x0000000087e00000, 0x0000000087e00000| Untracked 
| 127|0x0000000087f00000, 0x0000000087f00000, 0x0000000088000000|  0%| F|  |TAMS 0x0000000087f00000, 0x0000000087f00000| Untracked 
| 128|0x0000000088000000, 0x0000000088000000, 0x0000000088100000|  0%| F|  |TAMS 0x0000000088000000, 0x0000000088000000| Untracked 
| 129|0x0000000088100000, 0x0000000088100000, 0x0000000088200000|  0%| F|  |TAMS 0x0000000088100000, 0x0000000088100000| Untracked 
| 130|0x0000000088200000, 0x0000000088200000, 0x0000000088300000|  0%| F|  |TAMS 0x0000000088200000, 0x0000000088200000| Untracked 
| 131|0x0000000088300000, 0x0000000088300000, 0x0000000088400000|  0%| F|  |TAMS 0x0000000088300000, 0x0000000088300000| Untracked 
| 132|0x0000000088400000, 0x0000000088400000, 0x0000000088500000|  0%| F|  |TAMS 0x0000000088400000, 0x0000000088400000| Untracked 
| 133|0x0000000088500000, 0x0000000088500000, 0x0000000088600000|  0%| F|  |TAMS 0x0000000088500000, 0x0000000088500000| Untracked 
| 134|0x0000000088600000, 0x0000000088600000, 0x0000000088700000|  0%| F|  |TAMS 0x0000000088600000, 0x0000000088600000| Untracked 
| 135|0x0000000088700000, 0x0000000088700000, 0x0000000088800000|  0%| F|  |TAMS 0x0000000088700000, 0x0000000088700000| Untracked 
| 136|0x0000000088800000, 0x0000000088800000, 0x0000000088900000|  0%| F|  |TAMS 0x0000000088800000, 0x0000000088800000| Untracked 
| 137|0x0000000088900000, 0x0000000088900000, 0x0000000088a00000|  0%| F|  |TAMS 0x0000000088900000, 0x0000000088900000| Untracked 
| 138|0x0000000088a00000, 0x0000000088a00000, 0x0000000088b00000|  0%| F|  |TAMS 0x0000000088a00000, 0x0000000088a00000| Untracked 
| 139|0x0000000088b00000, 0x0000000088b00000, 0x0000000088c00000|  0%| F|  |TAMS 0x0000000088b00000, 0x0000000088b00000| Untracked 
| 140|0x0000000088c00000, 0x0000000088c00000, 0x0000000088d00000|  0%| F|  |TAMS 0x0000000088c00000, 0x0000000088c00000| Untracked 
| 141|0x0000000088d00000, 0x0000000088d00000, 0x0000000088e00000|  0%| F|  |TAMS 0x0000000088d00000, 0x0000000088d00000| Untracked 
| 142|0x0000000088e00000, 0x0000000088e00000, 0x0000000088f00000|  0%| F|  |TAMS 0x0000000088e00000, 0x0000000088e00000| Untracked 
| 143|0x0000000088f00000, 0x0000000088f00000, 0x0000000089000000|  0%| F|  |TAMS 0x0000000088f00000, 0x0000000088f00000| Untracked 
| 144|0x0000000089000000, 0x0000000089000000, 0x0000000089100000|  0%| F|  |TAMS 0x0000000089000000, 0x0000000089000000| Untracked 
| 145|0x0000000089100000, 0x0000000089100000, 0x0000000089200000|  0%| F|  |TAMS 0x0000000089100000, 0x0000000089100000| Untracked 
| 146|0x0000000089200000, 0x0000000089200000, 0x0000000089300000|  0%| F|  |TAMS 0x0000000089200000, 0x0000000089200000| Untracked 
| 147|0x0000000089300000, 0x0000000089300000, 0x0000000089400000|  0%| F|  |TAMS 0x0000000089300000, 0x0000000089300000| Untracked 
| 148|0x0000000089400000, 0x0000000089400000, 0x0000000089500000|  0%| F|  |TAMS 0x0000000089400000, 0x0000000089400000| Untracked 
| 149|0x0000000089500000, 0x0000000089500000, 0x0000000089600000|  0%| F|  |TAMS 0x0000000089500000, 0x0000000089500000| Untracked 
| 150|0x0000000089600000, 0x0000000089600000, 0x0000000089700000|  0%| F|  |TAMS 0x0000000089600000, 0x0000000089600000| Untracked 
| 151|0x0000000089700000, 0x0000000089700000, 0x0000000089800000|  0%| F|  |TAMS 0x0000000089700000, 0x0000000089700000| Untracked 
| 152|0x0000000089800000, 0x0000000089800000, 0x0000000089900000|  0%| F|  |TAMS 0x0000000089800000, 0x0000000089800000| Untracked 
| 153|0x0000000089900000, 0x0000000089900000, 0x0000000089a00000|  0%| F|  |TAMS 0x0000000089900000, 0x0000000089900000| Untracked 
| 154|0x0000000089a00000, 0x0000000089a00000, 0x0000000089b00000|  0%| F|  |TAMS 0x0000000089a00000, 0x0000000089a00000| Untracked 
| 155|0x0000000089b00000, 0x0000000089b00000, 0x0000000089c00000|  0%| F|  |TAMS 0x0000000089b00000, 0x0000000089b00000| Untracked 
| 156|0x0000000089c00000, 0x0000000089c00000, 0x0000000089d00000|  0%| F|  |TAMS 0x0000000089c00000, 0x0000000089c00000| Untracked 
| 157|0x0000000089d00000, 0x0000000089d00000, 0x0000000089e00000|  0%| F|  |TAMS 0x0000000089d00000, 0x0000000089d00000| Untracked 
| 158|0x0000000089e00000, 0x0000000089e00000, 0x0000000089f00000|  0%| F|  |TAMS 0x0000000089e00000, 0x0000000089e00000| Untracked 
| 159|0x0000000089f00000, 0x0000000089f00000, 0x000000008a000000|  0%| F|  |TAMS 0x0000000089f00000, 0x0000000089f00000| Untracked 
| 160|0x000000008a000000, 0x000000008a000000, 0x000000008a100000|  0%| F|  |TAMS 0x000000008a000000, 0x000000008a000000| Untracked 
| 161|0x000000008a100000, 0x000000008a100000, 0x000000008a200000|  0%| F|  |TAMS 0x000000008a100000, 0x000000008a100000| Untracked 
| 162|0x000000008a200000, 0x000000008a200000, 0x000000008a300000|  0%| F|  |TAMS 0x000000008a200000, 0x000000008a200000| Untracked 
| 163|0x000000008a300000, 0x000000008a300000, 0x000000008a400000|  0%| F|  |TAMS 0x000000008a300000, 0x000000008a300000| Untracked 
| 164|0x000000008a400000, 0x000000008a400000, 0x000000008a500000|  0%| F|  |TAMS 0x000000008a400000, 0x000000008a400000| Untracked 
| 165|0x000000008a500000, 0x000000008a500000, 0x000000008a600000|  0%| F|  |TAMS 0x000000008a500000, 0x000000008a500000| Untracked 
| 166|0x000000008a600000, 0x000000008a600000, 0x000000008a700000|  0%| F|  |TAMS 0x000000008a600000, 0x000000008a600000| Untracked 
| 167|0x000000008a700000, 0x000000008a700000, 0x000000008a800000|  0%| F|  |TAMS 0x000000008a700000, 0x000000008a700000| Untracked 
| 168|0x000000008a800000, 0x000000008a800000, 0x000000008a900000|  0%| F|  |TAMS 0x000000008a800000, 0x000000008a800000| Untracked 
| 169|0x000000008a900000, 0x000000008a900000, 0x000000008aa00000|  0%| F|  |TAMS 0x000000008a900000, 0x000000008a900000| Untracked 
| 170|0x000000008aa00000, 0x000000008aa00000, 0x000000008ab00000|  0%| F|  |TAMS 0x000000008aa00000, 0x000000008aa00000| Untracked 
| 171|0x000000008ab00000, 0x000000008ab00000, 0x000000008ac00000|  0%| F|  |TAMS 0x000000008ab00000, 0x000000008ab00000| Untracked 

Card table byte_map: [0x0000019a63760000,0x0000019a63b60000] _byte_map_base: 0x0000019a63360000

Marking Bits (Prev, Next): (CMBitMap*) 0x0000019a4ea6dfd0, (CMBitMap*) 0x0000019a4ea6df98
 Prev Bits: [0x0000019a65f60000, 0x0000019a67f60000)
 Next Bits: [0x0000019a63f60000, 0x0000019a65f60000)

Polling page: 0x0000019a4eb10000

Metaspace:

Usage:
  Non-class:     74.64 MB capacity,    73.26 MB ( 98%) used,     1.17 MB (  2%) free+waste,   218.19 KB ( <1%) overhead. 
      Class:     11.48 MB capacity,    10.74 MB ( 94%) used,   649.73 KB (  6%) free+waste,   100.75 KB ( <1%) overhead. 
       Both:     86.12 MB capacity,    84.00 MB ( 98%) used,     1.80 MB (  2%) free+waste,   318.94 KB ( <1%) overhead. 

Virtual space:
  Non-class space:       76.00 MB reserved,      74.67 MB ( 98%) committed 
      Class space:        1.00 GB reserved,      11.50 MB (  1%) committed 
             Both:        1.07 GB reserved,      86.17 MB (  8%) committed 

Chunk freelists:
   Non-Class:  34.00 KB
       Class:  0 bytes
        Both:  34.00 KB

MaxMetaspaceSize: 17179869184.00 GB
CompressedClassSpaceSize: 1.00 GB

CodeHeap 'non-profiled nmethods': size=120064Kb used=5350Kb max_used=5350Kb free=114714Kb
 bounds [0x0000019a5b800000, 0x0000019a5bd40000, 0x0000019a62d40000]
CodeHeap 'profiled nmethods': size=120000Kb used=20109Kb max_used=20109Kb free=99890Kb
 bounds [0x0000019a542d0000, 0x0000019a55680000, 0x0000019a5b800000]
CodeHeap 'non-nmethods': size=5696Kb used=2282Kb max_used=2340Kb free=3413Kb
 bounds [0x0000019a53d40000, 0x0000019a53fb0000, 0x0000019a542d0000]
 total_blobs=10045 nmethods=9159 adapters=797
 compilation: enabled
              stopped_count=0, restarted_count=0
 full_count=0

Compilation events (20 events):
Event: 126.586 Thread 0x0000019a6af00800 nmethod 9275 0x0000019a5bd38610 code [0x0000019a5bd387c0, 0x0000019a5bd38878]
Event: 126.589 Thread 0x0000019a6af00800 9276       3       org.jetbrains.plugins.gradle.tooling.builder.ModelBuildScriptClasspathBuilderImpl::singletonListOrEmpty (15 bytes)
Event: 126.590 Thread 0x0000019a6af00800 nmethod 9276 0x0000019a55670410 code [0x0000019a55670600, 0x0000019a55670a38]
Event: 126.590 Thread 0x0000019a6af00800 9277       1       org.jetbrains.plugins.gradle.model.AbstractExternalDependency::getDependencies (5 bytes)
Event: 126.590 Thread 0x0000019a6af00800 nmethod 9277 0x0000019a5bd38910 code [0x0000019a5bd38ac0, 0x0000019a5bd38b78]
Event: 126.590 Thread 0x0000019a6af00800 9278       1       org.jetbrains.plugins.gradle.model.DefaultExternalLibraryDependency::getFile (5 bytes)
Event: 126.590 Thread 0x0000019a6af00800 nmethod 9278 0x0000019a5bd38c10 code [0x0000019a5bd38dc0, 0x0000019a5bd38e78]
Event: 126.590 Thread 0x0000019a6af00800 9279       1       org.jetbrains.plugins.gradle.model.DefaultExternalLibraryDependency::getSource (5 bytes)
Event: 126.590 Thread 0x0000019a6af00800 nmethod 9279 0x0000019a5bd38f10 code [0x0000019a5bd390c0, 0x0000019a5bd39178]
Event: 126.590 Thread 0x0000019a6af00800 9280       1       org.jetbrains.plugins.gradle.model.DefaultExternalLibraryDependency::getJavadoc (5 bytes)
Event: 126.590 Thread 0x0000019a6af00800 nmethod 9280 0x0000019a5bd39210 code [0x0000019a5bd393c0, 0x0000019a5bd39478]
Event: 126.590 Thread 0x0000019a6af00800 9281       3       java.lang.reflect.Method::equals (69 bytes)
Event: 126.591 Thread 0x0000019a6af00800 nmethod 9281 0x0000019a55670c10 code [0x0000019a55670e00, 0x0000019a556714a8]
Event: 126.593 Thread 0x0000019a6af00800 9282       3       groovy.lang.MetaClassImpl::checkInitalised (58 bytes)
Event: 126.595 Thread 0x0000019a6af00800 nmethod 9282 0x0000019a55671610 code [0x0000019a55671920, 0x0000019a55672778]
Event: 126.595 Thread 0x0000019a6af00800 9283       3       groovy.lang.MetaClassImpl::getMetaProperty (45 bytes)
Event: 126.596 Thread 0x0000019a6af00800 nmethod 9283 0x0000019a55672c90 code [0x0000019a55672e80, 0x0000019a55673358]
Event: 126.597 Thread 0x0000019a6adbb800 9284       4       java.util.stream.Sink$ChainedReference::end (10 bytes)
Event: 126.598 Thread 0x0000019a6adbb800 nmethod 9284 0x0000019a5bd39510 code [0x0000019a5bd396a0, 0x0000019a5bd39738]
Event: 126.601 Thread 0x0000019a6adbb800 9285       4       org.codehaus.groovy.runtime.metaclass.MetaMethodIndex::isMatchingMethod (61 bytes)

GC Heap History (20 events):
Event: 108.431 GC heap after
{Heap after GC invocations=73 (full 0):
 garbage-first heap   total 121856K, used 77089K [0x0000000080000000, 0x0000000100000000)
  region size 1024K, 1 young (1024K), 1 survivors (1024K)
 Metaspace       used 57485K, capacity 59071K, committed 59440K, reserved 1101824K
  class space    used 7379K, capacity 7941K, committed 8064K, reserved 1048576K
}
Event: 109.229 GC heap before
{Heap before GC invocations=74 (full 0):
 garbage-first heap   total 121856K, used 93473K [0x0000000080000000, 0x0000000100000000)
  region size 1024K, 17 young (17408K), 1 survivors (1024K)
 Metaspace       used 59594K, capacity 61255K, committed 61488K, reserved 1101824K
  class space    used 7625K, capacity 8221K, committed 8320K, reserved 1048576K
}
Event: 109.240 GC heap after
{Heap after GC invocations=75 (full 0):
 garbage-first heap   total 146432K, used 77540K [0x0000000080000000, 0x0000000100000000)
  region size 1024K, 2 young (2048K), 2 survivors (2048K)
 Metaspace       used 59594K, capacity 61255K, committed 61488K, reserved 1101824K
  class space    used 7625K, capacity 8221K, committed 8320K, reserved 1048576K
}
Event: 110.621 GC heap before
{Heap before GC invocations=75 (full 0):
 garbage-first heap   total 146432K, used 103140K [0x0000000080000000, 0x0000000100000000)
  region size 1024K, 27 young (27648K), 2 survivors (2048K)
 Metaspace       used 63533K, capacity 65244K, committed 65456K, reserved 1105920K
  class space    used 8093K, capacity 8678K, committed 8704K, reserved 1048576K
}
Event: 110.630 GC heap after
{Heap after GC invocations=76 (full 0):
 garbage-first heap   total 146432K, used 78309K [0x0000000080000000, 0x0000000100000000)
  region size 1024K, 2 young (2048K), 2 survivors (2048K)
 Metaspace       used 63533K, capacity 65244K, committed 65456K, reserved 1105920K
  class space    used 8093K, capacity 8678K, committed 8704K, reserved 1048576K
}
Event: 112.812 GC heap before
{Heap before GC invocations=77 (full 0):
 garbage-first heap   total 146432K, used 112101K [0x0000000080000000, 0x0000000100000000)
  region size 1024K, 36 young (36864K), 2 survivors (2048K)
 Metaspace       used 68630K, capacity 70423K, committed 70448K, reserved 1110016K
  class space    used 8706K, capacity 9335K, committed 9344K, reserved 1048576K
}
Event: 112.830 GC heap after
{Heap after GC invocations=78 (full 0):
 garbage-first heap   total 146432K, used 81828K [0x0000000080000000, 0x0000000100000000)
  region size 1024K, 5 young (5120K), 5 survivors (5120K)
 Metaspace       used 68630K, capacity 70423K, committed 70448K, reserved 1110016K
  class space    used 8706K, capacity 9335K, committed 9344K, reserved 1048576K
}
Event: 113.957 GC heap before
{Heap before GC invocations=78 (full 0):
 garbage-first heap   total 146432K, used 112548K [0x0000000080000000, 0x0000000100000000)
  region size 1024K, 36 young (36864K), 5 survivors (5120K)
 Metaspace       used 71188K, capacity 72962K, committed 73136K, reserved 1112064K
  class space    used 9011K, capacity 9664K, committed 9728K, reserved 1048576K
}
Event: 113.985 GC heap after
{Heap after GC invocations=79 (full 0):
 garbage-first heap   total 146432K, used 83726K [0x0000000080000000, 0x0000000100000000)
  region size 1024K, 3 young (3072K), 3 survivors (3072K)
 Metaspace       used 71188K, capacity 72962K, committed 73136K, reserved 1112064K
  class space    used 9011K, capacity 9664K, committed 9728K, reserved 1048576K
}
Event: 114.592 GC heap before
{Heap before GC invocations=80 (full 0):
 garbage-first heap   total 146432K, used 92942K [0x0000000080000000, 0x0000000100000000)
  region size 1024K, 13 young (13312K), 3 survivors (3072K)
 Metaspace       used 72092K, capacity 73891K, committed 74032K, reserved 1114112K
  class space    used 9141K, capacity 9803K, committed 9856K, reserved 1048576K
}
Event: 114.601 GC heap after
{Heap after GC invocations=81 (full 0):
 garbage-first heap   total 176128K, used 84235K [0x0000000080000000, 0x0000000100000000)
  region size 1024K, 3 young (3072K), 3 survivors (3072K)
 Metaspace       used 72092K, capacity 73891K, committed 74032K, reserved 1114112K
  class space    used 9141K, capacity 9803K, committed 9856K, reserved 1048576K
}
Event: 116.913 GC heap before
{Heap before GC invocations=82 (full 0):
 garbage-first heap   total 176128K, used 125195K [0x0000000080000000, 0x0000000100000000)
  region size 1024K, 42 young (43008K), 3 survivors (3072K)
 Metaspace       used 75303K, capacity 77215K, committed 77488K, reserved 1116160K
  class space    used 9530K, capacity 10221K, committed 10240K, reserved 1048576K
}
Event: 116.927 GC heap after
{Heap after GC invocations=83 (full 0):
 garbage-first heap   total 176128K, used 85763K [0x0000000080000000, 0x0000000100000000)
  region size 1024K, 5 young (5120K), 5 survivors (5120K)
 Metaspace       used 75303K, capacity 77215K, committed 77488K, reserved 1116160K
  class space    used 9530K, capacity 10221K, committed 10240K, reserved 1048576K
}
Event: 117.720 GC heap before
{Heap before GC invocations=83 (full 0):
 garbage-first heap   total 176128K, used 128771K [0x0000000080000000, 0x0000000100000000)
  region size 1024K, 47 young (48128K), 5 survivors (5120K)
 Metaspace       used 76602K, capacity 78624K, committed 78768K, reserved 1118208K
  class space    used 9673K, capacity 10392K, committed 10496K, reserved 1048576K
}
Event: 117.788 GC heap after
{Heap after GC invocations=84 (full 0):
 garbage-first heap   total 176128K, used 88926K [0x0000000080000000, 0x0000000100000000)
  region size 1024K, 6 young (6144K), 6 survivors (6144K)
 Metaspace       used 76602K, capacity 78624K, committed 78768K, reserved 1118208K
  class space    used 9673K, capacity 10392K, committed 10496K, reserved 1048576K
}
Event: 121.430 GC heap before
{Heap before GC invocations=85 (full 0):
 garbage-first heap   total 176128K, used 135006K [0x0000000080000000, 0x0000000100000000)
  region size 1024K, 51 young (52224K), 6 survivors (6144K)
 Metaspace       used 81579K, capacity 83647K, committed 83888K, reserved 1122304K
  class space    used 10502K, capacity 11229K, committed 11264K, reserved 1048576K
}
Event: 121.470 GC heap after
{Heap after GC invocations=86 (full 0):
 garbage-first heap   total 176128K, used 92259K [0x0000000080000000, 0x0000000100000000)
  region size 1024K, 7 young (7168K), 7 survivors (7168K)
 Metaspace       used 81579K, capacity 83647K, committed 83888K, reserved 1122304K
  class space    used 10502K, capacity 11229K, committed 11264K, reserved 1048576K
}
Event: 122.863 GC heap before
{Heap before GC invocations=86 (full 0):
 garbage-first heap   total 176128K, used 111715K [0x0000000080000000, 0x0000000100000000)
  region size 1024K, 27 young (27648K), 7 survivors (7168K)
 Metaspace       used 83454K, capacity 85580K, committed 85680K, reserved 1124352K
  class space    used 10777K, capacity 11510K, committed 11520K, reserved 1048576K
}
Event: 122.891 GC heap after
{Heap after GC invocations=87 (full 0):
 garbage-first heap   total 176128K, used 94208K [0x0000000080000000, 0x0000000100000000)
  region size 1024K, 5 young (5120K), 5 survivors (5120K)
 Metaspace       used 83454K, capacity 85580K, committed 85680K, reserved 1124352K
  class space    used 10777K, capacity 11510K, committed 11520K, reserved 1048576K
}
Event: 126.620 GC heap before
{Heap before GC invocations=88 (full 0):
 garbage-first heap   total 176128K, used 148480K [0x0000000080000000, 0x0000000100000000)
  region size 1024K, 50 young (51200K), 5 survivors (5120K)
 Metaspace       used 86020K, capacity 88182K, committed 88240K, reserved 1126400K
  class space    used 11001K, capacity 11752K, committed 11776K, reserved 1048576K
}

Deoptimization events (20 events):
Event: 125.172 Thread 0x0000019a6b4b1000 Uncommon trap: trap_request=0xffffffc6 fr.pc=0x0000019a5bced5a8 relative=0x0000000000006688
Event: 125.172 Thread 0x0000019a6b4b1000 Uncommon trap: reason=bimorphic_or_optimized_type_check action=maybe_recompile pc=0x0000019a5bced5a8 method=java.util.AbstractCollection.addAll(Ljava/util/Collection;)Z @ 29 c2
Event: 125.172 Thread 0x0000019a6b4b1000 DEOPT PACKING pc=0x0000019a5bced5a8 sp=0x0000004e369faa00
Event: 125.172 Thread 0x0000019a6b4b1000 DEOPT UNPACKING pc=0x0000019a53d6662f sp=0x0000004e369faa20 mode 2
Event: 125.193 Thread 0x0000019a6b4b1000 Uncommon trap: trap_request=0xffffff4d fr.pc=0x0000019a5bae7d74 relative=0x00000000000001b4
Event: 125.193 Thread 0x0000019a6b4b1000 Uncommon trap: reason=unstable_if action=reinterpret pc=0x0000019a5bae7d74 method=com.esotericsoftware.kryo.io.Input.require(I)I @ 65 c2
Event: 125.193 Thread 0x0000019a6b4b1000 DEOPT PACKING pc=0x0000019a5bae7d74 sp=0x0000004e369f9020
Event: 125.193 Thread 0x0000019a6b4b1000 DEOPT UNPACKING pc=0x0000019a53d6662f sp=0x0000004e369f8fe0 mode 2
Event: 125.198 Thread 0x0000019a6b4b1000 Uncommon trap: trap_request=0xffffff4d fr.pc=0x0000019a5bb0bd20 relative=0x00000000000001e0
Event: 125.198 Thread 0x0000019a6b4b1000 Uncommon trap: reason=unstable_if action=reinterpret pc=0x0000019a5bb0bd20 method=com.esotericsoftware.kryo.io.Input.readVarInt(Z)I @ 42 c2
Event: 125.198 Thread 0x0000019a6b4b1000 DEOPT PACKING pc=0x0000019a5bb0bd20 sp=0x0000004e369f8f80
Event: 125.198 Thread 0x0000019a6b4b1000 DEOPT UNPACKING pc=0x0000019a53d6662f sp=0x0000004e369f8f28 mode 2
Event: 125.258 Thread 0x0000019a6b4b1000 Uncommon trap: trap_request=0xffffffc6 fr.pc=0x0000019a5bced5a8 relative=0x0000000000006688
Event: 125.258 Thread 0x0000019a6b4b1000 Uncommon trap: reason=bimorphic_or_optimized_type_check action=maybe_recompile pc=0x0000019a5bced5a8 method=java.util.AbstractCollection.addAll(Ljava/util/Collection;)Z @ 29 c2
Event: 125.258 Thread 0x0000019a6b4b1000 DEOPT PACKING pc=0x0000019a5bced5a8 sp=0x0000004e369fc240
Event: 125.258 Thread 0x0000019a6b4b1000 DEOPT UNPACKING pc=0x0000019a53d6662f sp=0x0000004e369fc260 mode 2
Event: 125.598 Thread 0x0000019a6b4b1000 Uncommon trap: trap_request=0xffffff4d fr.pc=0x0000019a5bd1167c relative=0x000000000000159c
Event: 125.598 Thread 0x0000019a6b4b1000 Uncommon trap: reason=unstable_if action=reinterpret pc=0x0000019a5bd1167c method=com.esotericsoftware.kryo.io.Input.readAscii()Ljava/lang/String; @ 23 c2
Event: 125.599 Thread 0x0000019a6b4b1000 DEOPT PACKING pc=0x0000019a5bd1167c sp=0x0000004e369faa20
Event: 125.599 Thread 0x0000019a6b4b1000 DEOPT UNPACKING pc=0x0000019a53d6662f sp=0x0000004e369fa978 mode 2

Classes redefined (0 events):
No events

Internal exceptions (20 events):
Event: 121.212 Thread 0x0000019a6b4b1000 Exception <a 'java/lang/ClassNotFoundException'{0x00000000882961d8}: com/android/build/gradle/internal/api/ReadOnlyBuildTypeCustomizer> (0x00000000882961d8) thrown at [./src/hotspot/share/classfile/systemDictionary.cpp, line 231]
Event: 122.061 Thread 0x0000019a6b4b1000 Exception <a 'java/lang/ClassNotFoundException'{0x000000008a13bab8}: org/jetbrains/plugins/gradle/model/web/WebConfigurationBeanInfo> (0x000000008a13bab8) thrown at [./src/hotspot/share/classfile/systemDictionary.cpp, line 231]
Event: 122.062 Thread 0x0000019a6b4b1000 Exception <a 'java/lang/ClassNotFoundException'{0x000000008a14d3c8}: org/jetbrains/plugins/gradle/model/web/WebConfigurationCustomizer> (0x000000008a14d3c8) thrown at [./src/hotspot/share/classfile/systemDictionary.cpp, line 231]
Event: 122.074 Thread 0x0000019a6b4b1000 Exception <a 'java/lang/ClassNotFoundException'{0x000000008a186370}: org/jetbrains/plugins/gradle/model/scala/ScalaModelBeanInfo> (0x000000008a186370) thrown at [./src/hotspot/share/classfile/systemDictionary.cpp, line 231]
Event: 122.076 Thread 0x0000019a6b4b1000 Exception <a 'java/lang/ClassNotFoundException'{0x000000008a197ad8}: org/jetbrains/plugins/gradle/model/scala/ScalaModelCustomizer> (0x000000008a197ad8) thrown at [./src/hotspot/share/classfile/systemDictionary.cpp, line 231]
Event: 123.469 Thread 0x0000019a6bb8f000 Exception <a 'java/lang/NoSuchMethodError'{0x000000008a689928}: <clinit>> (0x000000008a689928) thrown at [./src/hotspot/share/prims/jni.cpp, line 1362]
Event: 123.475 Thread 0x0000019a6bb8f000 Exception <a 'java/lang/NoSuchMethodError'{0x000000008a693598}: <clinit>> (0x000000008a693598) thrown at [./src/hotspot/share/prims/jni.cpp, line 1362]
Event: 123.538 Thread 0x0000019a6bb8f000 Exception <a 'java/lang/NoSuchMethodError'{0x000000008a6ca9e8}: <clinit>> (0x000000008a6ca9e8) thrown at [./src/hotspot/share/prims/jni.cpp, line 1362]
Event: 125.040 Thread 0x0000019a6b4b1000 Exception <a 'java/lang/NoSuchMethodError'{0x0000000089ef7600}: <clinit>> (0x0000000089ef7600) thrown at [./src/hotspot/share/prims/jni.cpp, line 1362]
Event: 125.132 Thread 0x0000019a6b4b1000 Exception <a 'sun/nio/fs/WindowsException'{0x0000000089cf06d0}> (0x0000000089cf06d0) thrown at [./src/hotspot/share/prims/jni.cpp, line 615]
Event: 125.480 Thread 0x0000019a6b4b1000 Exception <a 'java/lang/ClassNotFoundException'{0x0000000088ecdd78}: org/codehaus/groovy/runtime/NullObjectBeanInfo> (0x0000000088ecdd78) thrown at [./src/hotspot/share/classfile/systemDictionary.cpp, line 231]
Event: 125.482 Thread 0x0000019a6b4b1000 Exception <a 'java/lang/ClassNotFoundException'{0x0000000088ca1d68}: org/codehaus/groovy/runtime/NullObjectCustomizer> (0x0000000088ca1d68) thrown at [./src/hotspot/share/classfile/systemDictionary.cpp, line 231]
Event: 125.500 Thread 0x0000019a6b4b1000 Exception <a 'java/lang/ClassNotFoundException'{0x0000000088cf1fe0}: org/jetbrains/plugins/gradle/tooling/util/SourceSetCachedFinder$1BeanInfo> (0x0000000088cf1fe0) thrown at [./src/hotspot/share/classfile/systemDictionary.cpp, line 231]
Event: 125.501 Thread 0x0000019a6b4b1000 Exception <a 'java/lang/ClassNotFoundException'{0x0000000088b03d68}: org/jetbrains/plugins/gradle/tooling/util/SourceSetCachedFinder$1Customizer> (0x0000000088b03d68) thrown at [./src/hotspot/share/classfile/systemDictionary.cpp, line 231]
Event: 125.509 Thread 0x0000019a6b4b1000 Exception <a 'java/lang/ClassNotFoundException'{0x0000000088b3f818}: org/jetbrains/plugins/gradle/tooling/util/SourceSetCachedFinder$2BeanInfo> (0x0000000088b3f818) thrown at [./src/hotspot/share/classfile/systemDictionary.cpp, line 231]
Event: 125.510 Thread 0x0000019a6b4b1000 Exception <a 'java/lang/ClassNotFoundException'{0x0000000088b51080}: org/jetbrains/plugins/gradle/tooling/util/SourceSetCachedFinder$2Customizer> (0x0000000088b51080) thrown at [./src/hotspot/share/classfile/systemDictionary.cpp, line 231]
Event: 125.512 Thread 0x0000019a6b4b1000 Exception <a 'java/lang/ClassNotFoundException'{0x0000000088b85ed0}: org/jetbrains/plugins/gradle/tooling/util/SourceSetCachedFinderBeanInfo> (0x0000000088b85ed0) thrown at [./src/hotspot/share/classfile/systemDictionary.cpp, line 231]
Event: 125.513 Thread 0x0000019a6b4b1000 Exception <a 'java/lang/ClassNotFoundException'{0x0000000088b96e50}: org/jetbrains/plugins/gradle/tooling/util/SourceSetCachedFinderCustomizer> (0x0000000088b96e50) thrown at [./src/hotspot/share/classfile/systemDictionary.cpp, line 231]
Event: 125.533 Thread 0x0000019a6b4b1000 Exception <a 'java/lang/ClassNotFoundException'{0x0000000088a3f798}: org/jetbrains/plugins/gradle/tooling/util/SourceSetCachedFinder$ArtifactsMapBeanInfo> (0x0000000088a3f798) thrown at [./src/hotspot/share/classfile/systemDictionary.cpp, line 231]
Event: 125.534 Thread 0x0000019a6b4b1000 Exception <a 'java/lang/ClassNotFoundException'{0x0000000088a51c20}: org/jetbrains/plugins/gradle/tooling/util/SourceSetCachedFinder$ArtifactsMapCustomizer> (0x0000000088a51c20) thrown at [./src/hotspot/share/classfile/systemDictionary.cpp, line 231]

Events (20 events):
Event: 126.572 loading class org/gradle/internal/impldep/com/google/common/base/Objects done
Event: 126.575 loading class org/gradle/internal/impldep/com/google/common/base/ExtraObjectsMethodsForWeb
Event: 126.575 loading class org/gradle/internal/impldep/com/google/common/base/ExtraObjectsMethodsForWeb done
Event: 126.575 loading class org/gradle/internal/impldep/com/google/common/base/ExtraObjectsMethodsForWeb
Event: 126.575 loading class org/gradle/internal/impldep/com/google/common/base/ExtraObjectsMethodsForWeb done
Event: 126.581 loading class org/jetbrains/plugins/gradle/tooling/util/resolve/DependencyResolverImpl$3
Event: 126.581 loading class org/jetbrains/plugins/gradle/tooling/util/resolve/DependencyResolverImpl$3 done
Event: 126.582 loading class org/jetbrains/plugins/gradle/tooling/util/resolve/DependencyResolverImpl$3$1
Event: 126.582 loading class org/jetbrains/plugins/gradle/tooling/util/resolve/DependencyResolverImpl$3$1 done
Event: 126.584 loading class org/jetbrains/plugins/gradle/tooling/util/DependencyTraverser
Event: 126.584 loading class org/jetbrains/plugins/gradle/tooling/util/DependencyTraverser done
Event: 126.586 loading class org/jetbrains/plugins/gradle/tooling/util/DependencyTraverser$Itr
Event: 126.586 loading class org/jetbrains/plugins/gradle/tooling/util/DependencyTraverser$Itr done
Event: 126.587 loading class org/jetbrains/plugins/gradle/tooling/internal/ClasspathEntryModelImpl
Event: 126.587 loading class org/jetbrains/plugins/gradle/tooling/internal/ClasspathEntryModelImpl done
Event: 126.594 loading class org/jetbrains/plugins/gradle/model/DefaultGradleExtensions
Event: 126.594 loading class org/jetbrains/plugins/gradle/model/DefaultGradleExtensions done
Event: 126.596 loading class groovy/runtime/metaclass/org/gradle/api/internal/artifacts/configurations/DefaultConfigurationContainer_DecoratedMetaClass
Event: 126.596 loading class groovy/runtime/metaclass/org/gradle/api/internal/artifacts/configurations/DefaultConfigurationContainer_DecoratedMetaClass done
Event: 126.619 Executing VM operation: G1CollectForAllocation


Dynamic libraries:
0x00007ff62dcb0000 - 0x00007ff62dcba000 	C:\Program Files\Android\Android Studio\jre\bin\java.exe
0x00007fffd3d30000 - 0x00007fffd3f25000 	C:\Windows\SYSTEM32\ntdll.dll
0x00007fffd29d0000 - 0x00007fffd2a8e000 	C:\Windows\System32\KERNEL32.DLL
0x00007fffd1a30000 - 0x00007fffd1cf8000 	C:\Windows\System32\KERNELBASE.dll
0x00007fffd1590000 - 0x00007fffd1690000 	C:\Windows\System32\ucrtbase.dll
0x00007fffb61f0000 - 0x00007fffb6209000 	C:\Program Files\Android\Android Studio\jre\bin\jli.dll
0x00007fffb61d0000 - 0x00007fffb61e7000 	C:\Program Files\Android\Android Studio\jre\bin\VCRUNTIME140.dll
0x00007fffc26d0000 - 0x00007fffc296a000 	C:\Windows\WinSxS\amd64_microsoft.windows.common-controls_6595b64144ccf1df_6.0.19041.1110_none_60b5254171f9507e\COMCTL32.dll
0x00007fffd28d0000 - 0x00007fffd296e000 	C:\Windows\System32\msvcrt.dll
0x00007fffd31e0000 - 0x00007fffd320a000 	C:\Windows\System32\GDI32.dll
0x00007fffd1560000 - 0x00007fffd1582000 	C:\Windows\System32\win32u.dll
0x00007fffd1450000 - 0x00007fffd155b000 	C:\Windows\System32\gdi32full.dll
0x00007fffd2a90000 - 0x00007fffd2c30000 	C:\Windows\System32\USER32.dll
0x00007fffd1870000 - 0x00007fffd190d000 	C:\Windows\System32\msvcp_win.dll
0x00007fffd1fa0000 - 0x00007fffd1fd0000 	C:\Windows\System32\IMM32.DLL
0x00007fff9bff0000 - 0x00007fff9c08d000 	C:\Program Files\Android\Android Studio\jre\bin\msvcp140.dll
0x00007fff544d0000 - 0x00007fff54fa5000 	C:\Program Files\Android\Android Studio\jre\bin\server\jvm.dll
0x00007fffd3a20000 - 0x00007fffd3ace000 	C:\Windows\System32\ADVAPI32.dll
0x00007fffd3ad0000 - 0x00007fffd3b6c000 	C:\Windows\System32\sechost.dll
0x00007fffd3830000 - 0x00007fffd3955000 	C:\Windows\System32\RPCRT4.dll
0x00007fffd28c0000 - 0x00007fffd28c8000 	C:\Windows\System32\PSAPI.DLL
0x00007fffbc410000 - 0x00007fffbc419000 	C:\Windows\SYSTEM32\WSOCK32.dll
0x00007fffd2cf0000 - 0x00007fffd2d5b000 	C:\Windows\System32\WS2_32.dll
0x00007fffc8bd0000 - 0x00007fffc8bda000 	C:\Windows\SYSTEM32\VERSION.dll
0x00007fffc8b50000 - 0x00007fffc8b77000 	C:\Windows\SYSTEM32\WINMM.dll
0x00007fffcfd00000 - 0x00007fffcfd12000 	C:\Windows\SYSTEM32\kernel.appcore.dll
0x00007fffadc90000 - 0x00007fffadca1000 	C:\Program Files\Android\Android Studio\jre\bin\verify.dll
0x00007fffcfaf0000 - 0x00007fffcfcd4000 	C:\Windows\SYSTEM32\DBGHELP.DLL
0x00007fffbdc40000 - 0x00007fffbdc6c000 	C:\Windows\SYSTEM32\dbgcore.DLL
0x00007fffd1d00000 - 0x00007fffd1d82000 	C:\Windows\System32\bcryptPrimitives.dll
0x00007fff8bc50000 - 0x00007fff8bc79000 	C:\Program Files\Android\Android Studio\jre\bin\java.dll
0x00007fffc9a00000 - 0x00007fffc9a0b000 	C:\Program Files\Android\Android Studio\jre\bin\jimage.dll
0x00007fffadc70000 - 0x00007fffadc88000 	C:\Program Files\Android\Android Studio\jre\bin\zip.dll
0x00007fffd1fd0000 - 0x00007fffd2714000 	C:\Windows\System32\SHELL32.dll
0x00007fffcf280000 - 0x00007fffcfa14000 	C:\Windows\SYSTEM32\windows.storage.dll
0x00007fffd3210000 - 0x00007fffd3564000 	C:\Windows\System32\combase.dll
0x00007fffd0df0000 - 0x00007fffd0e1c000 	C:\Windows\SYSTEM32\Wldp.dll
0x00007fffd3780000 - 0x00007fffd382d000 	C:\Windows\System32\SHCORE.dll
0x00007fffd3720000 - 0x00007fffd3775000 	C:\Windows\System32\shlwapi.dll
0x00007fffd1390000 - 0x00007fffd13af000 	C:\Windows\SYSTEM32\profapi.dll
0x00007fff8bc30000 - 0x00007fff8bc4a000 	C:\Program Files\Android\Android Studio\jre\bin\net.dll
0x00007fffc3390000 - 0x00007fffc349a000 	C:\Windows\SYSTEM32\WINHTTP.dll
0x00007fffd0b50000 - 0x00007fffd0bba000 	C:\Windows\system32\mswsock.dll
0x00007fff88c20000 - 0x00007fff88c34000 	C:\Program Files\Android\Android Studio\jre\bin\nio.dll
0x00007fffa88e0000 - 0x00007fffa8907000 	C:\Users\Lenovo\.gradle\native\e1d6ef7f7dcc3fd88c89a11ec53ec762bb8ba0a96d01ffa2cd45eb1d1d8dd5c5\windows-amd64\native-platform.dll
0x00007fff8a980000 - 0x00007fff8aac4000 	C:\Users\Lenovo\.gradle\native\5664cfc778a61ccfe75a443a1ab52a65af34e5dc3c78e0209fed803814484fcb\windows-amd64\native-platform-file-events.dll
0x00007fffc7100000 - 0x00007fffc710a000 	C:\Program Files\Android\Android Studio\jre\bin\management.dll
0x00007fffa88d0000 - 0x00007fffa88dd000 	C:\Program Files\Android\Android Studio\jre\bin\management_ext.dll
0x00007fffd0d40000 - 0x00007fffd0d58000 	C:\Windows\SYSTEM32\CRYPTSP.dll
0x00007fffd04d0000 - 0x00007fffd0504000 	C:\Windows\system32\rsaenh.dll
0x00007fffd16e0000 - 0x00007fffd1707000 	C:\Windows\System32\bcrypt.dll
0x00007fffd1310000 - 0x00007fffd133e000 	C:\Windows\SYSTEM32\USERENV.dll
0x00007fffd0d60000 - 0x00007fffd0d6c000 	C:\Windows\SYSTEM32\CRYPTBASE.dll
0x00007fffd0840000 - 0x00007fffd087b000 	C:\Windows\SYSTEM32\IPHLPAPI.DLL
0x00007fffd31d0000 - 0x00007fffd31d8000 	C:\Windows\System32\NSI.dll
0x00007fffc8ba0000 - 0x00007fffc8bb7000 	C:\Windows\SYSTEM32\dhcpcsvc6.DLL
0x00007fffc8b80000 - 0x00007fffc8b9d000 	C:\Windows\SYSTEM32\dhcpcsvc.DLL
0x00007fffd0880000 - 0x00007fffd094b000 	C:\Windows\SYSTEM32\DNSAPI.dll

dbghelp: loaded successfully - version: 4.0.5 - missing functions: none
symbol engine: initialized successfully - sym options: 0x614 - pdb path: .;C:\Program Files\Android\Android Studio\jre\bin;C:\Windows\SYSTEM32;C:\Windows\WinSxS\amd64_microsoft.windows.common-controls_6595b64144ccf1df_6.0.19041.1110_none_60b5254171f9507e;C:\Program Files\Android\Android Studio\jre\bin\server;C:\Users\Lenovo\.gradle\native\e1d6ef7f7dcc3fd88c89a11ec53ec762bb8ba0a96d01ffa2cd45eb1d1d8dd5c5\windows-amd64;C:\Users\Lenovo\.gradle\native\5664cfc778a61ccfe75a443a1ab52a65af34e5dc3c78e0209fed803814484fcb\windows-amd64

VM Arguments:
jvm_args: --add-opens=java.base/java.util=ALL-UNNAMED --add-opens=java.base/java.lang=ALL-UNNAMED --add-opens=java.base/java.lang.invoke=ALL-UNNAMED --add-opens=java.base/java.util=ALL-UNNAMED --add-opens=java.prefs/java.util.prefs=ALL-UNNAMED --add-opens=java.prefs/java.util.prefs=ALL-UNNAMED --add-opens=java.base/java.nio.charset=ALL-UNNAMED --add-opens=java.base/java.net=ALL-UNNAMED --add-opens=java.base/java.util.concurrent.atomic=ALL-UNNAMED -Xmx2048m -Dfile.encoding=UTF-8 -Duser.country=ID -Duser.language=en -Duser.variant 
java_command: org.gradle.launcher.daemon.bootstrap.GradleDaemon 7.2
java_class_path (initial): C:\Users\Lenovo\.gradle\wrapper\dists\gradle-7.2-bin\2dnblmf4td7x66yl1d74lt32g\gradle-7.2\lib\gradle-launcher-7.2.jar
Launcher Type: SUN_STANDARD

[Global flags]
     intx CICompilerCount                          = 3                                         {product} {ergonomic}
     uint ConcGCThreads                            = 1                                         {product} {ergonomic}
     uint G1ConcRefinementThreads                  = 4                                         {product} {ergonomic}
   size_t G1HeapRegionSize                         = 1048576                                   {product} {ergonomic}
    uintx GCDrainStackTargetSize                   = 64                                        {product} {ergonomic}
   size_t InitialHeapSize                          = 58720256                                  {product} {ergonomic}
   size_t MarkStackSize                            = 4194304                                   {product} {ergonomic}
   size_t MaxHeapSize                              = 2147483648                                {product} {command line}
   size_t MaxNewSize                               = 1287651328                                {product} {ergonomic}
   size_t MinHeapDeltaBytes                        = 1048576                                   {product} {ergonomic}
    uintx NonNMethodCodeHeapSize                   = 5830732                                {pd product} {ergonomic}
    uintx NonProfiledCodeHeapSize                  = 122913754                              {pd product} {ergonomic}
    uintx ProfiledCodeHeapSize                     = 122913754                              {pd product} {ergonomic}
    uintx ReservedCodeCacheSize                    = 251658240                              {pd product} {ergonomic}
     bool SegmentedCodeCache                       = true                                      {product} {ergonomic}
     bool UseCompressedClassPointers               = true                                 {lp64_product} {ergonomic}
     bool UseCompressedOops                        = true                                 {lp64_product} {ergonomic}
     bool UseG1GC                                  = true                                      {product} {ergonomic}
     bool UseLargePagesIndividualAllocation        = false                                  {pd product} {ergonomic}

Logging:
Log output configuration:
 #0: stdout all=warning uptime,level,tags
 #1: stderr all=off uptime,level,tags

Environment Variables:
JAVA_HOME=C:\Program Files\Java\jdk-17.0.2
PATH=C:\Program Files\Common Files\Oracle\Java\javapath;C:\Windows\system32;C:\Windows;C:\Windows\System32\Wbem;C:\Windows\System32\WindowsPowerShell\v1.0\;C:\Windows\System32\OpenSSH\;C:\xampp\php;C:\ProgramData\ComposerSetup\bin;C:\Program Files\Redis\;C:\Program Files\Git\cmd;C:\Users\Lenovo\AppData\Local\Programs\Python\Python310\Scripts\;C:\Users\Lenovo\AppData\Local\Programs\Python\Python310\;C:\Program Files\Java\jdk-17.0.2\bin
USERNAME=Lenovo
OS=Windows_NT
PROCESSOR_IDENTIFIER=AMD64 Family 23 Model 24 Stepping 1, AuthenticAMD



---------------  S Y S T E M  ---------------

OS: Windows 10 , 64 bit Build 19041 (10.0.19041.1645)
OS uptime: 5 days 23:24 hours

CPU:total 4 (initial active 4) (4 cores per cpu, 2 threads per core) family 23 model 24 stepping 1 microcode 0x0, cmov, cx8, fxsr, mmx, sse, sse2, sse3, ssse3, sse4.1, sse4.2, popcnt, avx, avx2, aes, clmul, mmxext, 3dnowpref, lzcnt, sse4a, ht, tsc, tscinvbit, tscinv, bmi1, bmi2, adx, s

Memory: 4k page, system-wide physical 3460M (161M free)
TotalPageFile size 14212M (AvailPageFile size 2M)
current process WorkingSet (physical memory assigned to process): 297M, peak: 297M
current process commit charge ("private bytes"): 439M, peak: 478M

vm_info: OpenJDK 64-Bit Server VM (11.0.11+9-b60-7590822) for windows-amd64 JRE (11.0.11+9-b60-7590822), built on Jul 29 2021 21:43:44 by "builder" with MS VC++ 14.0 (VS2015)

END.
